<?xml version="1.0" encoding="UTF-8" ?>
<testsuite tests="19" failures="0" name="com.geisler.softwareentwicklung.openprojects.card.game.mau.TestGameMau" time="1.109" errors="0" skipped="0">
  <properties>
    <property name="java.runtime.name" value="Java(TM) SE Runtime Environment"/>
    <property name="sun.boot.library.path" value="C:\Program Files\Java\jdk1.8.0_111\jre\bin"/>
    <property name="java.vm.version" value="25.111-b14"/>
    <property name="java.vm.vendor" value="Oracle Corporation"/>
    <property name="java.vendor.url" value="http://java.oracle.com/"/>
    <property name="path.separator" value=";"/>
    <property name="guice.disable.misplaced.annotation.check" value="true"/>
    <property name="java.vm.name" value="Java HotSpot(TM) 64-Bit Server VM"/>
    <property name="file.encoding.pkg" value="sun.io"/>
    <property name="user.script" value=""/>
    <property name="user.country" value="DE"/>
    <property name="sun.java.launcher" value="SUN_STANDARD"/>
    <property name="sun.os.patch.level" value=""/>
    <property name="test" value="com.geisler.softwareentwicklung.openprojects.card.game.mau.TestGameMau"/>
    <property name="java.vm.specification.name" value="Java Virtual Machine Specification"/>
    <property name="user.dir" value="D:\Workspaces\Git\card-game-mau"/>
    <property name="java.runtime.version" value="1.8.0_111-b14"/>
    <property name="java.awt.graphicsenv" value="sun.awt.Win32GraphicsEnvironment"/>
    <property name="java.endorsed.dirs" value="C:\Program Files\Java\jdk1.8.0_111\jre\lib\endorsed"/>
    <property name="os.arch" value="amd64"/>
    <property name="java.io.tmpdir" value="C:\Users\Nico\AppData\Local\Temp\"/>
    <property name="line.separator" value="
"/>
    <property name="java.vm.specification.vendor" value="Oracle Corporation"/>
    <property name="user.variant" value=""/>
    <property name="os.name" value="Windows 8.1"/>
    <property name="maven.ext.class.path" value="D:\Entwicklerprogramme\NetBeans 8.2\java\maven-nblib\netbeans-eventspy.jar"/>
    <property name="classworlds.conf" value="D:\Entwicklerprogramme\NetBeans 8.2\java\maven\bin\m2.conf"/>
    <property name="sun.jnu.encoding" value="Cp1252"/>
    <property name="java.library.path" value="C:\Program Files\Java\jdk1.8.0_111\bin;C:\Windows\Sun\Java\bin;C:\Windows\system32;C:\Windows;C:\ProgramData\Oracle\Java\javapath;C:\Windows\system32;C:\Windows;C:\Windows\System32\Wbem;C:\Windows\System32\WindowsPowerShell\v1.0\;C:\Program Files (x86)\ATI Technologies\ATI.ACE\Core-Static;D:\Entwicklerprogramme\NodeJS\;D:\Entwicklerprogramme\Git\cmd;C:\Users\Nico\AppData\Roaming\npm;."/>
    <property name="java.specification.name" value="Java Platform API Specification"/>
    <property name="java.class.version" value="52.0"/>
    <property name="sun.management.compiler" value="HotSpot 64-Bit Tiered Compilers"/>
    <property name="os.version" value="6.3"/>
    <property name="user.home" value="C:\Users\Nico"/>
    <property name="user.timezone" value="Europe/Berlin"/>
    <property name="java.awt.printerjob" value="sun.awt.windows.WPrinterJob"/>
    <property name="java.specification.version" value="1.8"/>
    <property name="file.encoding" value="UTF-8"/>
    <property name="user.name" value="Nico"/>
    <property name="java.class.path" value="D:\Entwicklerprogramme\NetBeans 8.2\java\maven\boot\plexus-classworlds-2.4.jar"/>
    <property name="java.vm.specification.version" value="1.8"/>
    <property name="sun.arch.data.model" value="64"/>
    <property name="java.home" value="C:\Program Files\Java\jdk1.8.0_111\jre"/>
    <property name="sun.java.command" value="org.codehaus.plexus.classworlds.launcher.Launcher -Dtest=com.geisler.softwareentwicklung.openprojects.card.game.mau.TestGameMau -Dmaven.ext.class.path=D:\Entwicklerprogramme\NetBeans 8.2\java\maven-nblib\netbeans-eventspy.jar -Dfile.encoding=UTF-8 surefire:test"/>
    <property name="java.specification.vendor" value="Oracle Corporation"/>
    <property name="user.language" value="de"/>
    <property name="awt.toolkit" value="sun.awt.windows.WToolkit"/>
    <property name="java.vm.info" value="mixed mode"/>
    <property name="java.version" value="1.8.0_111"/>
    <property name="java.ext.dirs" value="C:\Program Files\Java\jdk1.8.0_111\jre\lib\ext;C:\Windows\Sun\Java\lib\ext"/>
    <property name="sun.boot.class.path" value="C:\Program Files\Java\jdk1.8.0_111\jre\lib\resources.jar;C:\Program Files\Java\jdk1.8.0_111\jre\lib\rt.jar;C:\Program Files\Java\jdk1.8.0_111\jre\lib\sunrsasign.jar;C:\Program Files\Java\jdk1.8.0_111\jre\lib\jsse.jar;C:\Program Files\Java\jdk1.8.0_111\jre\lib\jce.jar;C:\Program Files\Java\jdk1.8.0_111\jre\lib\charsets.jar;C:\Program Files\Java\jdk1.8.0_111\jre\lib\jfr.jar;C:\Program Files\Java\jdk1.8.0_111\jre\classes"/>
    <property name="java.vendor" value="Oracle Corporation"/>
    <property name="maven.home" value="D:\Entwicklerprogramme\NetBeans 8.2\java\maven"/>
    <property name="file.separator" value="\"/>
    <property name="java.vendor.url.bug" value="http://bugreport.sun.com/bugreport/"/>
    <property name="sun.cpu.endian" value="little"/>
    <property name="sun.io.unicode.encoding" value="UnicodeLittle"/>
    <property name="sun.desktop" value="windows"/>
    <property name="sun.cpu.isalist" value="amd64"/>
  </properties>
  <testcase classname="com.geisler.softwareentwicklung.openprojects.card.game.mau.TestGameMau" name="whenAGameIsRunningThenTheStackHaveAtLeastOneCard" time="0.016"/>
  <testcase classname="com.geisler.softwareentwicklung.openprojects.card.game.mau.TestGameMau" name="whenAGameStartsThenThePlayersHaveNotTheSameCards" time="0.125"/>
  <testcase classname="com.geisler.softwareentwicklung.openprojects.card.game.mau.TestGameMau" name="whenAPlayerThrowedACardThenTheNextPlayerIsOnTurnAndThatsNotTheSame" time="0.547"/>
  <testcase classname="com.geisler.softwareentwicklung.openprojects.card.game.mau.TestGameMau" name="whenAPlayerThrowsAHandCardThenTheMiddleStackHasOneCardMore" time="0"/>
  <testcase classname="com.geisler.softwareentwicklung.openprojects.card.game.mau.TestGameMau" name="whenAGameStartsThenThePlayersHave5HandCards" time="0.016"/>
  <testcase classname="com.geisler.softwareentwicklung.openprojects.card.game.mau.TestGameMau" name="whenMoreThanFourPlayersBeAddedToGameThereWillBeAnError" time="0"/>
  <testcase classname="com.geisler.softwareentwicklung.openprojects.card.game.mau.TestGameMau" name="whenAPlayerThrowsAJackThenTheLastMiddleStackCardShouldNotBeAJack" time="0.047"/>
  <testcase classname="com.geisler.softwareentwicklung.openprojects.card.game.mau.TestGameMau" name="whenAPlayerThrowsAHandCardThenThePlayerHasOneHandCardLess" time="0.015"/>
  <testcase classname="com.geisler.softwareentwicklung.openprojects.card.game.mau.TestGameMau" name="whenAPlayerCanNotThrowACardThenTheHandSizeOfThePlayerHasOneMore" time="0"/>
  <testcase classname="com.geisler.softwareentwicklung.openprojects.card.game.mau.TestGameMau" name="whenOnePlayersHaveNoCardsLeftAfterTurnThenTheGameIsOver" time="0"/>
  <testcase classname="com.geisler.softwareentwicklung.openprojects.card.game.mau.TestGameMau" name="whenAGameStartsThenMinimumTwoPlayersAreRequiredForTheGame" time="0"/>
  <testcase classname="com.geisler.softwareentwicklung.openprojects.card.game.mau.TestGameMau" name="whenAPlayerThrowsACardThenTheLastMiddleStackCardShouldBeSameColorOrValue" time="0"/>
  <testcase classname="com.geisler.softwareentwicklung.openprojects.card.game.mau.TestGameMau" name="whenAPlayerHasNoHandCardsThenItIsTheWinnerOfTheGame" time="0"/>
  <testcase classname="com.geisler.softwareentwicklung.openprojects.card.game.mau.TestGameMau" name="whenAllPlayersHaveMinimumOneCardThenTheGameIsNotOver" time="0.016"/>
  <testcase classname="com.geisler.softwareentwicklung.openprojects.card.game.mau.TestGameMau" name="whenAPlayerThrowsAnAceValueThenNextPlayerHasToStay" time="0"/>
  <testcase classname="com.geisler.softwareentwicklung.openprojects.card.game.mau.TestGameMau" name="whenAPlayerThrowsRightColorAfterChoosingThenChoosedColorIsNull" time="0.015"/>
  <testcase classname="com.geisler.softwareentwicklung.openprojects.card.game.mau.TestGameMau" name="whenAPlayerThrowsValueSevenThenNextPlayerHaveToDrawTwoExtraCards" time="0"/>
  <testcase classname="com.geisler.softwareentwicklung.openprojects.card.game.mau.TestGameMau" name="whenAPlayerThrowAJackThenThisPlayerChooseTheNextColor" time="0"/>
  <testcase classname="com.geisler.softwareentwicklung.openprojects.card.game.mau.TestGameMau" name="whenAPlayerHaveToDrawTwoExtraCardsThenAnotherValueSevenCardCanRedirectWithTwoExtraCardsToNextPlayer" time="0.016"/>
</testsuite>